# JRE version: Java(TM) SE Runtime Environment (8.0_92-b14) (build 1.8.0_92-b14)
# Java VM: Java HotSpot(TM) 64-Bit Server VM (25.92-b14 mixed mode windows-amd64 compressed oops)
Heap:
 PSYoungGen      total 67072K, used 28088K [0x00000000eb600000, 0x00000000f1c00000, 0x0000000100000000)
  eden space 59904K, 34% used [0x00000000eb600000,0x00000000eca70538,0x00000000ef080000)
  from space 7168K, 99% used [0x00000000ef080000,0x00000000ef77dde8,0x00000000ef780000)
  to   space 9728K, 0% used [0x00000000f1280000,0x00000000f1280000,0x00000000f1c00000)
 ParOldGen       total 36352K, used 15167K [0x00000000c2200000, 0x00000000c4580000, 0x00000000eb600000)
  object space 36352K, 41% used [0x00000000c2200000,0x00000000c30cfee8,0x00000000c4580000)
 Metaspace       used 25375K, capacity 26000K, committed 26240K, reserved 1073152K
  class space    used 3000K, capacity 3188K, committed 3200K, reserved 1048576K
GC Heap History (10 events):
Event: 6.002 GC heap before
{Heap before GC invocations=6 (full 0):
 PSYoungGen      total 34304K, used 34301K [0x00000000eb600000, 0x00000000f0200000, 0x0000000100000000)
  eden space 31744K, 100% used [0x00000000eb600000,0x00000000ed500000,0x00000000ed500000)
  from space 2560K, 99% used [0x00000000ed500000,0x00000000ed77f630,0x00000000ed780000)
  to   space 7168K, 0% used [0x00000000efb00000,0x00000000efb00000,0x00000000f0200000)
 ParOldGen       total 42496K, used 10386K [0x00000000c2200000, 0x00000000c4b80000, 0x00000000eb600000)
  object space 42496K, 24% used [0x00000000c2200000,0x00000000c2c24878,0x00000000c4b80000)
 Metaspace       used 16071K, capacity 16606K, committed 16768K, reserved 1064960K
  class space    used 1931K, capacity 2062K, committed 2176K, reserved 1048576K
Event: 6.013 GC heap after
Heap after GC invocations=6 (full 0):
 PSYoungGen      total 35840K, used 5115K [0x00000000eb600000, 0x00000000f0000000, 0x0000000100000000)
  eden space 30720K, 0% used [0x00000000eb600000,0x00000000eb600000,0x00000000ed400000)
  from space 5120K, 99% used [0x00000000efb00000,0x00000000efffee88,0x00000000f0000000)
  to   space 7168K, 0% used [0x00000000ef200000,0x00000000ef200000,0x00000000ef900000)
 ParOldGen       total 42496K, used 10394K [0x00000000c2200000, 0x00000000c4b80000, 0x00000000eb600000)
  object space 42496K, 24% used [0x00000000c2200000,0x00000000c2c26878,0x00000000c4b80000)
 Metaspace       used 16071K, capacity 16606K, committed 16768K, reserved 1064960K
  class space    used 1931K, capacity 2062K, committed 2176K, reserved 1048576K
}
Event: 8.135 GC heap before
{Heap before GC invocations=7 (full 0):
 PSYoungGen      total 35840K, used 35835K [0x00000000eb600000, 0x00000000f0000000, 0x0000000100000000)
  eden space 30720K, 100% used [0x00000000eb600000,0x00000000ed400000,0x00000000ed400000)
  from space 5120K, 99% used [0x00000000efb00000,0x00000000efffee88,0x00000000f0000000)
  to   space 7168K, 0% used [0x00000000ef200000,0x00000000ef200000,0x00000000ef900000)
 ParOldGen       total 42496K, used 10394K [0x00000000c2200000, 0x00000000c4b80000, 0x00000000eb600000)
  object space 42496K, 24% used [0x00000000c2200000,0x00000000c2c26878,0x00000000c4b80000)
 Metaspace       used 17613K, capacity 18216K, committed 18432K, reserved 1064960K
  class space    used 2098K, capacity 2239K, committed 2304K, reserved 1048576K
Event: 8.147 GC heap after
Heap after GC invocations=7 (full 0):
 PSYoungGen      total 35840K, used 5149K [0x00000000eb600000, 0x00000000efb80000, 0x0000000100000000)
  eden space 30208K, 0% used [0x00000000eb600000,0x00000000eb600000,0x00000000ed380000)
  from space 5632K, 91% used [0x00000000ef200000,0x00000000ef707688,0x00000000ef780000)
  to   space 4096K, 0% used [0x00000000ef780000,0x00000000ef780000,0x00000000efb80000)
 ParOldGen       total 42496K, used 11559K [0x00000000c2200000, 0x00000000c4b80000, 0x00000000eb600000)
  object space 42496K, 27% used [0x00000000c2200000,0x00000000c2d49ee8,0x00000000c4b80000)
 Metaspace       used 17613K, capacity 18216K, committed 18432K, reserved 1064960K
  class space    used 2098K, capacity 2239K, committed 2304K, reserved 1048576K
}
Event: 8.347 GC heap before
{Heap before GC invocations=8 (full 0):
 PSYoungGen      total 35840K, used 15279K [0x00000000eb600000, 0x00000000efb80000, 0x0000000100000000)
  eden space 30208K, 33% used [0x00000000eb600000,0x00000000ebfe48d8,0x00000000ed380000)
  from space 5632K, 91% used [0x00000000ef200000,0x00000000ef707688,0x00000000ef780000)
  to   space 4096K, 0% used [0x00000000ef780000,0x00000000ef780000,0x00000000efb80000)
 ParOldGen       total 42496K, used 11559K [0x00000000c2200000, 0x00000000c4b80000, 0x00000000eb600000)
  object space 42496K, 27% used [0x00000000c2200000,0x00000000c2d49ee8,0x00000000c4b80000)
 Metaspace       used 20525K, capacity 21096K, committed 21296K, reserved 1069056K
  class space    used 2489K, capacity 2623K, committed 2688K, reserved 1048576K
Event: 8.352 GC heap after
Heap after GC invocations=8 (full 0):
 PSYoungGen      total 64000K, used 4069K [0x00000000eb600000, 0x00000000eff00000, 0x0000000100000000)
  eden space 59904K, 0% used [0x00000000eb600000,0x00000000eb600000,0x00000000ef080000)
  from space 4096K, 99% used [0x00000000ef780000,0x00000000efb79620,0x00000000efb80000)
  to   space 7168K, 0% used [0x00000000ef080000,0x00000000ef080000,0x00000000ef780000)
 ParOldGen       total 42496K, used 13338K [0x00000000c2200000, 0x00000000c4b80000, 0x00000000eb600000)
  object space 42496K, 31% used [0x00000000c2200000,0x00000000c2f068b0,0x00000000c4b80000)
 Metaspace       used 20525K, capacity 21096K, committed 21296K, reserved 1069056K
  class space    used 2489K, capacity 2623K, committed 2688K, reserved 1048576K
}
Event: 8.352 GC heap before
{Heap before GC invocations=9 (full 1):
 PSYoungGen      total 64000K, used 4069K [0x00000000eb600000, 0x00000000eff00000, 0x0000000100000000)
  eden space 59904K, 0% used [0x00000000eb600000,0x00000000eb600000,0x00000000ef080000)
  from space 4096K, 99% used [0x00000000ef780000,0x00000000efb79620,0x00000000efb80000)
  to   space 7168K, 0% used [0x00000000ef080000,0x00000000ef080000,0x00000000ef780000)
 ParOldGen       total 42496K, used 13338K [0x00000000c2200000, 0x00000000c4b80000, 0x00000000eb600000)
  object space 42496K, 31% used [0x00000000c2200000,0x00000000c2f068b0,0x00000000c4b80000)
 Metaspace       used 20525K, capacity 21096K, committed 21296K, reserved 1069056K
  class space    used 2489K, capacity 2623K, committed 2688K, reserved 1048576K
Event: 8.390 GC heap after
Heap after GC invocations=9 (full 1):
 PSYoungGen      total 64000K, used 0K [0x00000000eb600000, 0x00000000eff00000, 0x0000000100000000)
  eden space 59904K, 0% used [0x00000000eb600000,0x00000000eb600000,0x00000000ef080000)
  from space 4096K, 0% used [0x00000000ef780000,0x00000000ef780000,0x00000000efb80000)
  to   space 7168K, 0% used [0x00000000ef080000,0x00000000ef080000,0x00000000ef780000)
 ParOldGen       total 36352K, used 11462K [0x00000000c2200000, 0x00000000c4580000, 0x00000000eb600000)
  object space 36352K, 31% used [0x00000000c2200000,0x00000000c2d31a00,0x00000000c4580000)
 Metaspace       used 20525K, capacity 21096K, committed 21296K, reserved 1069056K
  class space    used 2489K, capacity 2623K, committed 2688K, reserved 1048576K
}
Event: 11.827 GC heap before
{Heap before GC invocations=10 (full 1):
 PSYoungGen      total 64000K, used 59904K [0x00000000eb600000, 0x00000000eff00000, 0x0000000100000000)
  eden space 59904K, 100% used [0x00000000eb600000,0x00000000ef080000,0x00000000ef080000)
  from space 4096K, 0% used [0x00000000ef780000,0x00000000ef780000,0x00000000efb80000)
  to   space 7168K, 0% used [0x00000000ef080000,0x00000000ef080000,0x00000000ef780000)
 ParOldGen       total 36352K, used 11462K [0x00000000c2200000, 0x00000000c4580000, 0x00000000eb600000)
  object space 36352K, 31% used [0x00000000c2200000,0x00000000c2d31a00,0x00000000c4580000)
 Metaspace       used 23235K, capacity 23808K, committed 24192K, reserved 1071104K
  class space    used 2684K, capacity 2818K, committed 2944K, reserved 1048576K
Event: 11.842 GC heap after
Heap after GC invocations=10 (full 1):
 PSYoungGen      total 67072K, used 7159K [0x00000000eb600000, 0x00000000f1c00000, 0x0000000100000000)
  eden space 59904K, 0% used [0x00000000eb600000,0x00000000eb600000,0x00000000ef080000)
  from space 7168K, 99% used [0x00000000ef080000,0x00000000ef77dde8,0x00000000ef780000)
  to   space 9728K, 0% used [0x00000000f1280000,0x00000000f1280000,0x00000000f1c00000)
 ParOldGen       total 36352K, used 15167K [0x00000000c2200000, 0x00000000c4580000, 0x00000000eb600000)
  object space 36352K, 41% used [0x00000000c2200000,0x00000000c30cfee8,0x00000000c4580000)
 Metaspace       used 23235K, capacity 23808K, committed 24192K, reserved 1071104K
  class space    used 2684K, capacity 2818K, committed 2944K, reserved 1048576K
}

