# JRE version: Java(TM) SE Runtime Environment (8.0_92-b14) (build 1.8.0_92-b14)
# Java VM: Java HotSpot(TM) 64-Bit Server VM (25.92-b14 mixed mode windows-amd64 compressed oops)
Heap:
 PSYoungGen      total 20480K, used 18747K [0x00000000eb600000, 0x00000000ed800000, 0x0000000100000000)
  eden space 14336K, 88% used [0x00000000eb600000,0x00000000ec252af0,0x00000000ec400000)
  from space 6144K, 99% used [0x00000000ecb00000,0x00000000ed0fc240,0x00000000ed100000)
  to   space 7168K, 0% used [0x00000000ec400000,0x00000000ec400000,0x00000000ecb00000)
 ParOldGen       total 36352K, used 10090K [0x00000000c2200000, 0x00000000c4580000, 0x00000000eb600000)
  object space 36352K, 27% used [0x00000000c2200000,0x00000000c2bdab70,0x00000000c4580000)
 Metaspace       used 22145K, capacity 22728K, committed 22960K, reserved 1069056K
  class space    used 2642K, capacity 2783K, committed 2816K, reserved 1048576K
GC Heap History (10 events):
Event: 9.121 GC heap before
{Heap before GC invocations=9 (full 0):
 PSYoungGen      total 20480K, used 19056K [0x00000000eb600000, 0x00000000ed000000, 0x0000000100000000)
  eden space 15360K, 100% used [0x00000000eb600000,0x00000000ec500000,0x00000000ec500000)
  from space 5120K, 72% used [0x00000000ecb00000,0x00000000ece9c010,0x00000000ed000000)
  to   space 5632K, 0% used [0x00000000ec500000,0x00000000ec500000,0x00000000eca80000)
 ParOldGen       total 42496K, used 10144K [0x00000000c2200000, 0x00000000c4b80000, 0x00000000eb600000)
  object space 42496K, 23% used [0x00000000c2200000,0x00000000c2be83d0,0x00000000c4b80000)
 Metaspace       used 16419K, capacity 16868K, committed 17280K, reserved 1064960K
  class space    used 1951K, capacity 2063K, committed 2176K, reserved 1048576K
Event: 9.125 GC heap after
Heap after GC invocations=9 (full 0):
 PSYoungGen      total 20992K, used 2611K [0x00000000eb600000, 0x00000000ed100000, 0x0000000100000000)
  eden space 15360K, 0% used [0x00000000eb600000,0x00000000eb600000,0x00000000ec500000)
  from space 5632K, 46% used [0x00000000ec500000,0x00000000ec78cfe0,0x00000000eca80000)
  to   space 6144K, 0% used [0x00000000ecb00000,0x00000000ecb00000,0x00000000ed100000)
 ParOldGen       total 42496K, used 11816K [0x00000000c2200000, 0x00000000c4b80000, 0x00000000eb600000)
  object space 42496K, 27% used [0x00000000c2200000,0x00000000c2d8a3e0,0x00000000c4b80000)
 Metaspace       used 16419K, capacity 16868K, committed 17280K, reserved 1064960K
  class space    used 1951K, capacity 2063K, committed 2176K, reserved 1048576K
}
Event: 10.274 GC heap before
{Heap before GC invocations=10 (full 0):
 PSYoungGen      total 20992K, used 17971K [0x00000000eb600000, 0x00000000ed100000, 0x0000000100000000)
  eden space 15360K, 100% used [0x00000000eb600000,0x00000000ec500000,0x00000000ec500000)
  from space 5632K, 46% used [0x00000000ec500000,0x00000000ec78cfe0,0x00000000eca80000)
  to   space 6144K, 0% used [0x00000000ecb00000,0x00000000ecb00000,0x00000000ed100000)
 ParOldGen       total 42496K, used 11816K [0x00000000c2200000, 0x00000000c4b80000, 0x00000000eb600000)
  object space 42496K, 27% used [0x00000000c2200000,0x00000000c2d8a3e0,0x00000000c4b80000)
 Metaspace       used 17280K, capacity 17864K, committed 18176K, reserved 1064960K
  class space    used 2050K, capacity 2207K, committed 2304K, reserved 1048576K
Event: 10.281 GC heap after
Heap after GC invocations=10 (full 0):
 PSYoungGen      total 21504K, used 2031K [0x00000000eb600000, 0x00000000ed100000, 0x0000000100000000)
  eden space 15360K, 0% used [0x00000000eb600000,0x00000000eb600000,0x00000000ec500000)
  from space 6144K, 33% used [0x00000000ecb00000,0x00000000eccfbd58,0x00000000ed100000)
  to   space 6144K, 0% used [0x00000000ec500000,0x00000000ec500000,0x00000000ecb00000)
 ParOldGen       total 42496K, used 13312K [0x00000000c2200000, 0x00000000c4b80000, 0x00000000eb600000)
  object space 42496K, 31% used [0x00000000c2200000,0x00000000c2f003e0,0x00000000c4b80000)
 Metaspace       used 17280K, capacity 17864K, committed 18176K, reserved 1064960K
  class space    used 2050K, capacity 2207K, committed 2304K, reserved 1048576K
}
Event: 11.073 GC heap before
{Heap before GC invocations=11 (full 0):
 PSYoungGen      total 21504K, used 13099K [0x00000000eb600000, 0x00000000ed100000, 0x0000000100000000)
  eden space 15360K, 72% used [0x00000000eb600000,0x00000000ec0cf140,0x00000000ec500000)
  from space 6144K, 33% used [0x00000000ecb00000,0x00000000eccfbd58,0x00000000ed100000)
  to   space 6144K, 0% used [0x00000000ec500000,0x00000000ec500000,0x00000000ecb00000)
 ParOldGen       total 42496K, used 13312K [0x00000000c2200000, 0x00000000c4b80000, 0x00000000eb600000)
  object space 42496K, 31% used [0x00000000c2200000,0x00000000c2f003e0,0x00000000c4b80000)
 Metaspace       used 20568K, capacity 21096K, committed 21296K, reserved 1069056K
  class space    used 2492K, capacity 2623K, committed 2688K, reserved 1048576K
Event: 11.076 GC heap after
Heap after GC invocations=11 (full 0):
 PSYoungGen      total 21504K, used 1493K [0x00000000eb600000, 0x00000000ed100000, 0x0000000100000000)
  eden space 15360K, 0% used [0x00000000eb600000,0x00000000eb600000,0x00000000ec500000)
  from space 6144K, 24% used [0x00000000ec500000,0x00000000ec675610,0x00000000ecb00000)
  to   space 6144K, 0% used [0x00000000ecb00000,0x00000000ecb00000,0x00000000ed100000)
 ParOldGen       total 42496K, used 14821K [0x00000000c2200000, 0x00000000c4b80000, 0x00000000eb600000)
  object space 42496K, 34% used [0x00000000c2200000,0x00000000c3079438,0x00000000c4b80000)
 Metaspace       used 20568K, capacity 21096K, committed 21296K, reserved 1069056K
  class space    used 2492K, capacity 2623K, committed 2688K, reserved 1048576K
}
Event: 11.076 GC heap before
{Heap before GC invocations=12 (full 1):
 PSYoungGen      total 21504K, used 1493K [0x00000000eb600000, 0x00000000ed100000, 0x0000000100000000)
  eden space 15360K, 0% used [0x00000000eb600000,0x00000000eb600000,0x00000000ec500000)
  from space 6144K, 24% used [0x00000000ec500000,0x00000000ec675610,0x00000000ecb00000)
  to   space 6144K, 0% used [0x00000000ecb00000,0x00000000ecb00000,0x00000000ed100000)
 ParOldGen       total 42496K, used 14821K [0x00000000c2200000, 0x00000000c4b80000, 0x00000000eb600000)
  object space 42496K, 34% used [0x00000000c2200000,0x00000000c3079438,0x00000000c4b80000)
 Metaspace       used 20568K, capacity 21096K, committed 21296K, reserved 1069056K
  class space    used 2492K, capacity 2623K, committed 2688K, reserved 1048576K
Event: 11.141 GC heap after
Heap after GC invocations=12 (full 1):
 PSYoungGen      total 21504K, used 0K [0x00000000eb600000, 0x00000000ed100000, 0x0000000100000000)
  eden space 15360K, 0% used [0x00000000eb600000,0x00000000eb600000,0x00000000ec500000)
  from space 6144K, 0% used [0x00000000ec500000,0x00000000ec500000,0x00000000ecb00000)
  to   space 6144K, 0% used [0x00000000ecb00000,0x00000000ecb00000,0x00000000ed100000)
 ParOldGen       total 36352K, used 9280K [0x00000000c2200000, 0x00000000c4580000, 0x00000000eb600000)
  object space 36352K, 25% used [0x00000000c2200000,0x00000000c2b102d8,0x00000000c4580000)
 Metaspace       used 20568K, capacity 21096K, committed 21296K, reserved 1069056K
  class space    used 2492K, capacity 2623K, committed 2688K, reserved 1048576K
}
Event: 11.552 GC heap before
{Heap before GC invocations=13 (full 1):
 PSYoungGen      total 21504K, used 15360K [0x00000000eb600000, 0x00000000ed100000, 0x0000000100000000)
  eden space 15360K, 100% used [0x00000000eb600000,0x00000000ec500000,0x00000000ec500000)
  from space 6144K, 0% used [0x00000000ec500000,0x00000000ec500000,0x00000000ecb00000)
  to   space 6144K, 0% used [0x00000000ecb00000,0x00000000ecb00000,0x00000000ed100000)
 ParOldGen       total 36352K, used 9280K [0x00000000c2200000, 0x00000000c4580000, 0x00000000eb600000)
  object space 36352K, 25% used [0x00000000c2200000,0x00000000c2b102d8,0x00000000c4580000)
 Metaspace       used 21128K, capacity 21640K, committed 21808K, reserved 1069056K
  class space    used 2532K, capacity 2655K, committed 2688K, reserved 1048576K
Event: 11.556 GC heap after
Heap after GC invocations=13 (full 1):
 PSYoungGen      total 20480K, used 6128K [0x00000000eb600000, 0x00000000ed800000, 0x0000000100000000)
  eden space 14336K, 0% used [0x00000000eb600000,0x00000000eb600000,0x00000000ec400000)
  from space 6144K, 99% used [0x00000000ecb00000,0x00000000ed0fc240,0x00000000ed100000)
  to   space 7168K, 0% used [0x00000000ec400000,0x00000000ec400000,0x00000000ecb00000)
 ParOldGen       total 36352K, used 10090K [0x00000000c2200000, 0x00000000c4580000, 0x00000000eb600000)
  object space 36352K, 27% used [0x00000000c2200000,0x00000000c2bdab70,0x00000000c4580000)
 Metaspace       used 21128K, capacity 21640K, committed 21808K, reserved 1069056K
  class space    used 2532K, capacity 2655K, committed 2688K, reserved 1048576K
}

