# JRE version: Java(TM) SE Runtime Environment (8.0_92-b14) (build 1.8.0_92-b14)
# Java VM: Java HotSpot(TM) 64-Bit Server VM (25.92-b14 mixed mode windows-amd64 compressed oops)
Heap:
 PSYoungGen      total 68096K, used 25150K [0x00000000eb600000, 0x00000000f0100000, 0x0000000100000000)
  eden space 61440K, 40% used [0x00000000eb600000,0x00000000ece8fa90,0x00000000ef200000)
  from space 6656K, 0% used [0x00000000ef400000,0x00000000ef400000,0x00000000efa80000)
  to   space 6656K, 0% used [0x00000000efa80000,0x00000000efa80000,0x00000000f0100000)
 ParOldGen       total 37888K, used 12068K [0x00000000c2200000, 0x00000000c4700000, 0x00000000eb600000)
  object space 37888K, 31% used [0x00000000c2200000,0x00000000c2dc9278,0x00000000c4700000)
 Metaspace       used 21695K, capacity 22216K, committed 22448K, reserved 1069056K
  class space    used 2586K, capacity 2719K, committed 2816K, reserved 1048576K
GC Heap History (10 events):
Event: 0.927 GC heap before
{Heap before GC invocations=4 (full 0):
 PSYoungGen      total 18432K, used 18426K [0x00000000eb600000, 0x00000000eda00000, 0x0000000100000000)
  eden space 15872K, 100% used [0x00000000eb600000,0x00000000ec580000,0x00000000ec580000)
  from space 2560K, 99% used [0x00000000ec580000,0x00000000ec7febb8,0x00000000ec800000)
  to   space 2560K, 0% used [0x00000000ed780000,0x00000000ed780000,0x00000000eda00000)
 ParOldGen       total 42496K, used 3703K [0x00000000c2200000, 0x00000000c4b80000, 0x00000000eb600000)
  object space 42496K, 8% used [0x00000000c2200000,0x00000000c259df78,0x00000000c4b80000)
 Metaspace       used 11422K, capacity 11644K, committed 11776K, reserved 1058816K
  class space    used 1410K, capacity 1511K, committed 1536K, reserved 1048576K
Event: 0.930 GC heap after
Heap after GC invocations=4 (full 0):
 PSYoungGen      total 34304K, used 2541K [0x00000000eb600000, 0x00000000eda00000, 0x0000000100000000)
  eden space 31744K, 0% used [0x00000000eb600000,0x00000000eb600000,0x00000000ed500000)
  from space 2560K, 99% used [0x00000000ed780000,0x00000000ed9fb640,0x00000000eda00000)
  to   space 2560K, 0% used [0x00000000ed500000,0x00000000ed500000,0x00000000ed780000)
 ParOldGen       total 42496K, used 5962K [0x00000000c2200000, 0x00000000c4b80000, 0x00000000eb600000)
  object space 42496K, 14% used [0x00000000c2200000,0x00000000c27d2a58,0x00000000c4b80000)
 Metaspace       used 11422K, capacity 11644K, committed 11776K, reserved 1058816K
  class space    used 1410K, capacity 1511K, committed 1536K, reserved 1048576K
}
Event: 2.082 GC heap before
{Heap before GC invocations=5 (full 0):
 PSYoungGen      total 34304K, used 34285K [0x00000000eb600000, 0x00000000eda00000, 0x0000000100000000)
  eden space 31744K, 100% used [0x00000000eb600000,0x00000000ed500000,0x00000000ed500000)
  from space 2560K, 99% used [0x00000000ed780000,0x00000000ed9fb640,0x00000000eda00000)
  to   space 2560K, 0% used [0x00000000ed500000,0x00000000ed500000,0x00000000ed780000)
 ParOldGen       total 42496K, used 5962K [0x00000000c2200000, 0x00000000c4b80000, 0x00000000eb600000)
  object space 42496K, 14% used [0x00000000c2200000,0x00000000c27d2a58,0x00000000c4b80000)
 Metaspace       used 15124K, capacity 15490K, committed 15872K, reserved 1062912K
  class space    used 1837K, capacity 1948K, committed 2048K, reserved 1048576K
Event: 2.088 GC heap after
Heap after GC invocations=5 (full 0):
 PSYoungGen      total 34304K, used 2541K [0x00000000eb600000, 0x00000000f0200000, 0x0000000100000000)
  eden space 31744K, 0% used [0x00000000eb600000,0x00000000eb600000,0x00000000ed500000)
  from space 2560K, 99% used [0x00000000ed500000,0x00000000ed77b640,0x00000000ed780000)
  to   space 7168K, 0% used [0x00000000efb00000,0x00000000efb00000,0x00000000f0200000)
 ParOldGen       total 42496K, used 10500K [0x00000000c2200000, 0x00000000c4b80000, 0x00000000eb600000)
  object space 42496K, 24% used [0x00000000c2200000,0x00000000c2c41198,0x00000000c4b80000)
 Metaspace       used 15124K, capacity 15490K, committed 15872K, reserved 1062912K
  class space    used 1837K, capacity 1948K, committed 2048K, reserved 1048576K
}
Event: 3.630 GC heap before
{Heap before GC invocations=6 (full 0):
 PSYoungGen      total 34304K, used 34285K [0x00000000eb600000, 0x00000000f0200000, 0x0000000100000000)
  eden space 31744K, 100% used [0x00000000eb600000,0x00000000ed500000,0x00000000ed500000)
  from space 2560K, 99% used [0x00000000ed500000,0x00000000ed77b640,0x00000000ed780000)
  to   space 7168K, 0% used [0x00000000efb00000,0x00000000efb00000,0x00000000f0200000)
 ParOldGen       total 42496K, used 10500K [0x00000000c2200000, 0x00000000c4b80000, 0x00000000eb600000)
  object space 42496K, 24% used [0x00000000c2200000,0x00000000c2c41198,0x00000000c4b80000)
 Metaspace       used 16112K, capacity 16606K, committed 16768K, reserved 1064960K
  class space    used 1934K, capacity 2062K, committed 2176K, reserved 1048576K
Event: 3.636 GC heap after
Heap after GC invocations=6 (full 0):
 PSYoungGen      total 70656K, used 5071K [0x00000000eb600000, 0x00000000f0200000, 0x0000000100000000)
  eden space 63488K, 0% used [0x00000000eb600000,0x00000000eb600000,0x00000000ef400000)
  from space 7168K, 70% used [0x00000000efb00000,0x00000000efff3e68,0x00000000f0200000)
  to   space 7168K, 0% used [0x00000000ef400000,0x00000000ef400000,0x00000000efb00000)
 ParOldGen       total 42496K, used 10508K [0x00000000c2200000, 0x00000000c4b80000, 0x00000000eb600000)
  object space 42496K, 24% used [0x00000000c2200000,0x00000000c2c43198,0x00000000c4b80000)
 Metaspace       used 16112K, capacity 16606K, committed 16768K, reserved 1064960K
  class space    used 1934K, capacity 2062K, committed 2176K, reserved 1048576K
}
Event: 10.612 GC heap before
{Heap before GC invocations=7 (full 0):
 PSYoungGen      total 70656K, used 45679K [0x00000000eb600000, 0x00000000f0200000, 0x0000000100000000)
  eden space 63488K, 63% used [0x00000000eb600000,0x00000000edda8160,0x00000000ef400000)
  from space 7168K, 70% used [0x00000000efb00000,0x00000000efff3e68,0x00000000f0200000)
  to   space 7168K, 0% used [0x00000000ef400000,0x00000000ef400000,0x00000000efb00000)
 ParOldGen       total 42496K, used 10508K [0x00000000c2200000, 0x00000000c4b80000, 0x00000000eb600000)
  object space 42496K, 24% used [0x00000000c2200000,0x00000000c2c43198,0x00000000c4b80000)
 Metaspace       used 20562K, capacity 21096K, committed 21296K, reserved 1069056K
  class space    used 2489K, capacity 2623K, committed 2688K, reserved 1048576K
Event: 10.623 GC heap after
Heap after GC invocations=7 (full 0):
 PSYoungGen      total 68096K, used 6577K [0x00000000eb600000, 0x00000000f0100000, 0x0000000100000000)
  eden space 61440K, 0% used [0x00000000eb600000,0x00000000eb600000,0x00000000ef200000)
  from space 6656K, 98% used [0x00000000ef400000,0x00000000efa6c658,0x00000000efa80000)
  to   space 6656K, 0% used [0x00000000efa80000,0x00000000efa80000,0x00000000f0100000)
 ParOldGen       total 42496K, used 11574K [0x00000000c2200000, 0x00000000c4b80000, 0x00000000eb600000)
  object space 42496K, 27% used [0x00000000c2200000,0x00000000c2d4d818,0x00000000c4b80000)
 Metaspace       used 20562K, capacity 21096K, committed 21296K, reserved 1069056K
  class space    used 2489K, capacity 2623K, committed 2688K, reserved 1048576K
}
Event: 10.623 GC heap before
{Heap before GC invocations=8 (full 1):
 PSYoungGen      total 68096K, used 6577K [0x00000000eb600000, 0x00000000f0100000, 0x0000000100000000)
  eden space 61440K, 0% used [0x00000000eb600000,0x00000000eb600000,0x00000000ef200000)
  from space 6656K, 98% used [0x00000000ef400000,0x00000000efa6c658,0x00000000efa80000)
  to   space 6656K, 0% used [0x00000000efa80000,0x00000000efa80000,0x00000000f0100000)
 ParOldGen       total 42496K, used 11574K [0x00000000c2200000, 0x00000000c4b80000, 0x00000000eb600000)
  object space 42496K, 27% used [0x00000000c2200000,0x00000000c2d4d818,0x00000000c4b80000)
 Metaspace       used 20562K, capacity 21096K, committed 21296K, reserved 1069056K
  class space    used 2489K, capacity 2623K, committed 2688K, reserved 1048576K
Event: 10.663 GC heap after
Heap after GC invocations=8 (full 1):
 PSYoungGen      total 68096K, used 0K [0x00000000eb600000, 0x00000000f0100000, 0x0000000100000000)
  eden space 61440K, 0% used [0x00000000eb600000,0x00000000eb600000,0x00000000ef200000)
  from space 6656K, 0% used [0x00000000ef400000,0x00000000ef400000,0x00000000efa80000)
  to   space 6656K, 0% used [0x00000000efa80000,0x00000000efa80000,0x00000000f0100000)
 ParOldGen       total 37888K, used 12068K [0x00000000c2200000, 0x00000000c4700000, 0x00000000eb600000)
  object space 37888K, 31% used [0x00000000c2200000,0x00000000c2dc9278,0x00000000c4700000)
 Metaspace       used 20562K, capacity 21096K, committed 21296K, reserved 1069056K
  class space    used 2489K, capacity 2623K, committed 2688K, reserved 1048576K
}

