# JRE version: Java(TM) SE Runtime Environment (8.0_92-b14) (build 1.8.0_92-b14)
# Java VM: Java HotSpot(TM) 64-Bit Server VM (25.92-b14 mixed mode windows-amd64 compressed oops)
Heap:
 PSYoungGen      total 35840K, used 23396K [0x00000000eb600000, 0x00000000ee080000, 0x0000000100000000)
  eden space 29184K, 80% used [0x00000000eb600000,0x00000000eccd93e0,0x00000000ed280000)
  from space 6656K, 0% used [0x00000000eda00000,0x00000000eda00000,0x00000000ee080000)
  to   space 7168K, 0% used [0x00000000ed280000,0x00000000ed280000,0x00000000ed980000)
 ParOldGen       total 31744K, used 11468K [0x00000000c2200000, 0x00000000c4100000, 0x00000000eb600000)
  object space 31744K, 36% used [0x00000000c2200000,0x00000000c2d331a8,0x00000000c4100000)
 Metaspace       used 21366K, capacity 21928K, committed 22064K, reserved 1069056K
  class space    used 2544K, capacity 2687K, committed 2688K, reserved 1048576K
GC Heap History (10 events):
Event: 4.371 GC heap before
{Heap before GC invocations=5 (full 0):
 PSYoungGen      total 34304K, used 34285K [0x00000000eb600000, 0x00000000eda00000, 0x0000000100000000)
  eden space 31744K, 100% used [0x00000000eb600000,0x00000000ed500000,0x00000000ed500000)
  from space 2560K, 99% used [0x00000000ed780000,0x00000000ed9fb660,0x00000000eda00000)
  to   space 2560K, 0% used [0x00000000ed500000,0x00000000ed500000,0x00000000ed780000)
 ParOldGen       total 42496K, used 5928K [0x00000000c2200000, 0x00000000c4b80000, 0x00000000eb600000)
  object space 42496K, 13% used [0x00000000c2200000,0x00000000c27ca060,0x00000000c4b80000)
 Metaspace       used 15136K, capacity 15490K, committed 15872K, reserved 1062912K
  class space    used 1837K, capacity 1948K, committed 2048K, reserved 1048576K
Event: 4.377 GC heap after
Heap after GC invocations=5 (full 0):
 PSYoungGen      total 33280K, used 2557K [0x00000000eb600000, 0x00000000ee200000, 0x0000000100000000)
  eden space 30720K, 0% used [0x00000000eb600000,0x00000000eb600000,0x00000000ed400000)
  from space 2560K, 99% used [0x00000000ed500000,0x00000000ed77f630,0x00000000ed780000)
  to   space 7168K, 0% used [0x00000000edb00000,0x00000000edb00000,0x00000000ee200000)
 ParOldGen       total 42496K, used 10308K [0x00000000c2200000, 0x00000000c4b80000, 0x00000000eb600000)
  object space 42496K, 24% used [0x00000000c2200000,0x00000000c2c113f8,0x00000000c4b80000)
 Metaspace       used 15136K, capacity 15490K, committed 15872K, reserved 1062912K
  class space    used 1837K, capacity 1948K, committed 2048K, reserved 1048576K
}
Event: 12.085 GC heap before
{Heap before GC invocations=6 (full 0):
 PSYoungGen      total 33280K, used 33277K [0x00000000eb600000, 0x00000000ee200000, 0x0000000100000000)
  eden space 30720K, 100% used [0x00000000eb600000,0x00000000ed400000,0x00000000ed400000)
  from space 2560K, 99% used [0x00000000ed500000,0x00000000ed77f630,0x00000000ed780000)
  to   space 7168K, 0% used [0x00000000edb00000,0x00000000edb00000,0x00000000ee200000)
 ParOldGen       total 42496K, used 10308K [0x00000000c2200000, 0x00000000c4b80000, 0x00000000eb600000)
  object space 42496K, 24% used [0x00000000c2200000,0x00000000c2c113f8,0x00000000c4b80000)
 Metaspace       used 15997K, capacity 16508K, committed 16640K, reserved 1064960K
  class space    used 1921K, capacity 2028K, committed 2048K, reserved 1048576K
Event: 12.096 GC heap after
Heap after GC invocations=6 (full 0):
 PSYoungGen      total 36864K, used 5003K [0x00000000eb600000, 0x00000000ee180000, 0x0000000100000000)
  eden space 30208K, 0% used [0x00000000eb600000,0x00000000eb600000,0x00000000ed380000)
  from space 6656K, 75% used [0x00000000edb00000,0x00000000edfe2e98,0x00000000ee180000)
  to   space 7168K, 0% used [0x00000000ed380000,0x00000000ed380000,0x00000000eda80000)
 ParOldGen       total 42496K, used 10316K [0x00000000c2200000, 0x00000000c4b80000, 0x00000000eb600000)
  object space 42496K, 24% used [0x00000000c2200000,0x00000000c2c133f8,0x00000000c4b80000)
 Metaspace       used 15997K, capacity 16508K, committed 16640K, reserved 1064960K
  class space    used 1921K, capacity 2028K, committed 2048K, reserved 1048576K
}
Event: 16.420 GC heap before
{Heap before GC invocations=7 (full 0):
 PSYoungGen      total 36864K, used 35211K [0x00000000eb600000, 0x00000000ee180000, 0x0000000100000000)
  eden space 30208K, 100% used [0x00000000eb600000,0x00000000ed380000,0x00000000ed380000)
  from space 6656K, 75% used [0x00000000edb00000,0x00000000edfe2e98,0x00000000ee180000)
  to   space 7168K, 0% used [0x00000000ed380000,0x00000000ed380000,0x00000000eda80000)
 ParOldGen       total 42496K, used 10316K [0x00000000c2200000, 0x00000000c4b80000, 0x00000000eb600000)
  object space 42496K, 24% used [0x00000000c2200000,0x00000000c2c133f8,0x00000000c4b80000)
 Metaspace       used 17149K, capacity 17736K, committed 18048K, reserved 1064960K
  class space    used 2024K, capacity 2143K, committed 2176K, reserved 1048576K
Event: 16.431 GC heap after
Heap after GC invocations=7 (full 0):
 PSYoungGen      total 34816K, used 5056K [0x00000000eb600000, 0x00000000ee100000, 0x0000000100000000)
  eden space 29696K, 0% used [0x00000000eb600000,0x00000000eb600000,0x00000000ed300000)
  from space 5120K, 98% used [0x00000000ed380000,0x00000000ed870228,0x00000000ed880000)
  to   space 7168K, 0% used [0x00000000eda00000,0x00000000eda00000,0x00000000ee100000)
 ParOldGen       total 42496K, used 11570K [0x00000000c2200000, 0x00000000c4b80000, 0x00000000eb600000)
  object space 42496K, 27% used [0x00000000c2200000,0x00000000c2d4ca28,0x00000000c4b80000)
 Metaspace       used 17149K, capacity 17736K, committed 18048K, reserved 1064960K
  class space    used 2024K, capacity 2143K, committed 2176K, reserved 1048576K
}
Event: 19.687 GC heap before
{Heap before GC invocations=8 (full 0):
 PSYoungGen      total 34816K, used 16668K [0x00000000eb600000, 0x00000000ee100000, 0x0000000100000000)
  eden space 29696K, 39% used [0x00000000eb600000,0x00000000ec157180,0x00000000ed300000)
  from space 5120K, 98% used [0x00000000ed380000,0x00000000ed870228,0x00000000ed880000)
  to   space 7168K, 0% used [0x00000000eda00000,0x00000000eda00000,0x00000000ee100000)
 ParOldGen       total 42496K, used 11570K [0x00000000c2200000, 0x00000000c4b80000, 0x00000000eb600000)
  object space 42496K, 27% used [0x00000000c2200000,0x00000000c2d4ca28,0x00000000c4b80000)
 Metaspace       used 20566K, capacity 21096K, committed 21296K, reserved 1069056K
  class space    used 2489K, capacity 2623K, committed 2688K, reserved 1048576K
Event: 19.695 GC heap after
Heap after GC invocations=8 (full 0):
 PSYoungGen      total 35840K, used 5317K [0x00000000eb600000, 0x00000000ee080000, 0x0000000100000000)
  eden space 29184K, 0% used [0x00000000eb600000,0x00000000eb600000,0x00000000ed280000)
  from space 6656K, 79% used [0x00000000eda00000,0x00000000edf31620,0x00000000ee080000)
  to   space 7168K, 0% used [0x00000000ed280000,0x00000000ed280000,0x00000000ed980000)
 ParOldGen       total 42496K, used 12092K [0x00000000c2200000, 0x00000000c4b80000, 0x00000000eb600000)
  object space 42496K, 28% used [0x00000000c2200000,0x00000000c2dcf258,0x00000000c4b80000)
 Metaspace       used 20566K, capacity 21096K, committed 21296K, reserved 1069056K
  class space    used 2489K, capacity 2623K, committed 2688K, reserved 1048576K
}
Event: 19.695 GC heap before
{Heap before GC invocations=9 (full 1):
 PSYoungGen      total 35840K, used 5317K [0x00000000eb600000, 0x00000000ee080000, 0x0000000100000000)
  eden space 29184K, 0% used [0x00000000eb600000,0x00000000eb600000,0x00000000ed280000)
  from space 6656K, 79% used [0x00000000eda00000,0x00000000edf31620,0x00000000ee080000)
  to   space 7168K, 0% used [0x00000000ed280000,0x00000000ed280000,0x00000000ed980000)
 ParOldGen       total 42496K, used 12092K [0x00000000c2200000, 0x00000000c4b80000, 0x00000000eb600000)
  object space 42496K, 28% used [0x00000000c2200000,0x00000000c2dcf258,0x00000000c4b80000)
 Metaspace       used 20566K, capacity 21096K, committed 21296K, reserved 1069056K
  class space    used 2489K, capacity 2623K, committed 2688K, reserved 1048576K
Event: 19.753 GC heap after
Heap after GC invocations=9 (full 1):
 PSYoungGen      total 35840K, used 0K [0x00000000eb600000, 0x00000000ee080000, 0x0000000100000000)
  eden space 29184K, 0% used [0x00000000eb600000,0x00000000eb600000,0x00000000ed280000)
  from space 6656K, 0% used [0x00000000eda00000,0x00000000eda00000,0x00000000ee080000)
  to   space 7168K, 0% used [0x00000000ed280000,0x00000000ed280000,0x00000000ed980000)
 ParOldGen       total 31744K, used 11468K [0x00000000c2200000, 0x00000000c4100000, 0x00000000eb600000)
  object space 31744K, 36% used [0x00000000c2200000,0x00000000c2d331a8,0x00000000c4100000)
 Metaspace       used 20566K, capacity 21096K, committed 21296K, reserved 1069056K
  class space    used 2489K, capacity 2623K, committed 2688K, reserved 1048576K
}

